Starting the Flask Stock Portfolio App...
Calling the index() function.
Calling the index() function.
2022-09-25 19:04:33,246 INFO: Starting the Flask Stock Portfolio App... [in app.py:33]
2022-09-25 19:06:52,791 INFO: Starting the Flask Stock Portfolio App... [in app.py:34]
2022-09-25 19:09:17,432 INFO: Starting the Flask Stock Portfolio App... [in app.py:36]
2022-09-25 19:12:30,553 INFO: Starting the Flask Stock Portfolio App... [in app.py:39]
2022-09-25 19:12:56,877 INFO: Added new stock (SBUX)! [in app.py:75]
2022-09-28 17:05:11,378 INFO: Starting the Flask Stock Portfolio App... [in app.py:26]
2022-09-28 17:05:11,644 INFO: Starting the Flask Stock Portfolio App... [in app.py:26]
2022-09-28 17:29:58,163 INFO: Starting the Flask Stock Portfolio App... [in app.py:26]
2022-09-28 17:31:26,322 INFO: Starting the Flask Stock Portfolio App... [in app.py:26]
2022-09-28 18:10:40,241 INFO: Starting the Flask Stock Portfolio App... [in app.py:26]
2022-09-28 18:11:03,754 INFO: Starting the Flask Stock Portfolio App... [in app.py:26]
2022-09-28 18:13:06,169 INFO: Starting the Flask Stock Portfolio App... [in app.py:23]
2022-09-28 18:19:13,901 INFO: Starting the Flask Stock Portfolio App... [in app.py:23]
2022-09-28 18:21:53,336 INFO: Starting the Flask Stock Portfolio App... [in app.py:23]
2022-09-28 18:22:16,386 INFO: Starting the Flask Stock Portfolio App... [in app.py:23]
2022-09-28 18:23:51,192 INFO: Starting the Flask Stock Portfolio App... [in app.py:23]
2022-09-28 18:28:13,526 INFO: Starting the Flask Stock Portfolio App... [in app.py:23]
2022-09-28 18:28:35,293 INFO: Starting the Flask Stock Portfolio App... [in app.py:23]
2022-09-28 18:31:53,745 INFO: Starting the Flask Stock Portfolio App... [in app.py:23]
2022-09-28 18:31:58,481 INFO: Starting the Flask Stock Portfolio App... [in app.py:23]
2022-09-28 18:31:58,731 INFO: Starting the Flask Stock Portfolio App... [in app.py:23]
2022-09-28 18:32:04,948 INFO: Calling the index() function. [in routes.py:29]
2022-09-28 18:32:18,878 INFO: Calling the index() function. [in routes.py:29]
2022-09-28 18:32:38,286 INFO: Added new stock (IWY)! [in routes.py:50]
2022-09-28 18:32:52,983 INFO: Added new stock (SPY)! [in routes.py:50]
2022-09-28 18:33:00,047 INFO: Calling the index() function. [in routes.py:29]
